{
  "RSpec": {
    "coverage": {
      "/home/vagrant/src/viper/lib/viper.rb": [
        null,
        null,
        null,
        1,
        1,
        1,
        null,
        null,
        1,
        1,
        1,
        1,
        null,
        null,
        1,
        null,
        1,
        1,
        null,
        1,
        1,
        1,
        1,
        1,
        1,
        1,
        1,
        null,
        1,
        1,
        1,
        1,
        1,
        1,
        null,
        null,
        1,
        1,
        1
      ],
      "/home/vagrant/src/viper/lib/utils.rb": [
        null,
        null,
        1
      ],
      "/home/vagrant/src/viper/lib/utils/path_shortener.rb": [
        null,
        null,
        null,
        1,
        147,
        147,
        147,
        147,
        null
      ],
      "/home/vagrant/src/viper/lib/viper/version.rb": [
        null,
        null,
        1,
        1,
        null
      ],
      "/home/vagrant/src/viper/lib/session.rb": [
        null,
        null,
        1,
        null
      ],
      "/home/vagrant/src/viper/lib/session/session.rb": [
        null,
        1,
        1,
        null,
        1,
        2,
        null,
        null,
        null,
        1,
        12,
        null,
        null,
        1,
        7,
        null,
        null,
        null
      ],
      "/home/vagrant/src/viper/lib/viper/init.rb": [
        null,
        null,
        null,
        1,
        1,
        1,
        1,
        null,
        1,
        null,
        null,
        1,
        null
      ],
      "/home/vagrant/src/viper/lib/constants.rb": [
        null,
        null,
        1,
        1,
        1
      ],
      "/home/vagrant/src/viper/lib/exceptions.rb": [
        null,
        null,
        1,
        1,
        1,
        1,
        null,
        1,
        1,
        1
      ],
      "/home/vagrant/src/viper/lib/exceptions/operation_not_permitted.rb": [
        null,
        null,
        null,
        1,
        null
      ],
      "/home/vagrant/src/viper/lib/exceptions/buffer_exceeded.rb": [
        null,
        null,
        null,
        1,
        null
      ],
      "/home/vagrant/src/viper/lib/exceptions/mark_not_set.rb": [
        null,
        null,
        null,
        1,
        null
      ],
      "/home/vagrant/src/viper/lib/exceptions/binding_not_found.rb": [
        null,
        null,
        null,
        1,
        null
      ],
      "/home/vagrant/src/viper/lib/exceptions/command_not_found.rb": [
        null,
        null,
        null,
        1,
        1,
        1,
        null,
        null
      ],
      "/home/vagrant/src/viper/lib/exceptions/snippet_collection_not_found.rb": [
        null,
        null,
        null,
        1,
        null
      ],
      "/home/vagrant/src/viper/lib/exceptions/snippet_not_found.rb": [
        null,
        null,
        null,
        1,
        null
      ],
      "/home/vagrant/src/viper/lib/buffer.rb": [
        null,
        null,
        1,
        null,
        1,
        1,
        1,
        1,
        1,
        1,
        null,
        1,
        null,
        1
      ],
      "/home/vagrant/src/viper/lib/buffer/command_buffer.rb": [
        null,
        null,
        null,
        1,
        1,
        34,
        34,
        34,
        null,
        null,
        1,
        262,
        null,
        null,
        1,
        17,
        17,
        17,
        null,
        null,
        1,
        6,
        6,
        6,
        null,
        null,
        1,
        1,
        null,
        null,
        1,
        6,
        null,
        null,
        1,
        6,
        null,
        null
      ],
      "/home/vagrant/src/viper/lib/buffer/recordable.rb": [
        null,
        null,
        null,
        1,
        1,
        271,
        null,
        null,
        1,
        254,
        254,
        null,
        null,
        1,
        263,
        null,
        null,
        1,
        12,
        null,
        null,
        12,
        null,
        null,
        1,
        8,
        8,
        8,
        8,
        7,
        null,
        7,
        null,
        null,
        null,
        null,
        1,
        3,
        3,
        3,
        null,
        3,
        null,
        null,
        null,
        1,
        3,
        3,
        null,
        null,
        1,
        3,
        3,
        null,
        null
      ],
      "/home/vagrant/src/viper/lib/buffer/savable.rb": [
        null,
        null,
        null,
        1,
        1,
        2,
        null,
        null
      ],
      "/home/vagrant/src/viper/lib/buffer/string_buffer.rb": [
        null,
        null,
        1,
        1,
        365,
        null,
        null,
        1,
        187,
        186,
        186,
        186,
        null,
        null,
        1,
        135,
        135,
        null,
        null,
        1,
        458,
        null,
        null,
        1,
        137,
        136,
        136,
        136,
        null,
        null,
        1,
        19,
        null,
        null,
        1,
        203,
        null,
        null,
        null,
        null,
        null,
        null,
        null,
        null,
        null,
        null,
        null,
        null,
        null,
        null,
        null,
        1,
        4,
        4,
        13,
        4,
        null,
        null,
        1,
        34,
        34,
        null,
        null,
        1,
        57,
        57,
        null,
        null,
        1,
        68,
        48,
        5,
        null,
        null,
        1,
        33,
        null,
        null,
        1,
        156,
        null,
        null,
        1,
        29,
        null,
        null,
        1,
        29,
        null,
        null,
        1,
        24,
        24,
        16,
        null,
        8,
        null,
        24,
        null,
        null,
        1,
        9,
        null,
        null,
        1,
        3,
        3,
        1,
        null,
        null,
        1,
        7,
        null,
        7,
        7,
        null,
        null,
        1,
        143,
        null,
        null
      ],
      "/home/vagrant/src/viper/lib/buffer/buffer.rb": [
        null,
        null,
        null,
        1,
        1,
        140,
        140,
        140,
        140,
        140,
        null,
        null,
        1,
        null,
        1,
        13,
        null,
        null,
        1,
        5,
        null,
        null,
        1,
        12,
        null,
        null,
        1,
        19,
        null,
        null,
        1,
        14,
        null,
        null,
        1,
        30,
        30,
        30,
        null,
        null,
        1,
        8,
        null,
        null,
        null,
        1,
        null,
        null,
        null,
        null,
        1,
        null,
        null,
        1,
        274,
        274,
        274,
        null,
        null,
        1,
        13,
        12,
        12,
        12,
        12,
        null,
        null,
        1,
        118,
        301,
        null,
        null,
        1,
        42,
        176,
        null,
        null,
        1,
        200,
        null,
        null,
        1,
        11,
        11,
        11,
        null,
        null,
        1,
        15,
        15,
        15,
        null,
        null,
        1,
        2,
        1,
        null,
        null,
        1,
        68,
        null,
        null,
        1,
        33,
        null,
        null,
        1,
        33,
        null,
        null,
        1,
        35,
        null,
        null,
        1,
        7,
        5,
        5,
        5,
        5,
        5,
        null,
        5,
        null,
        null,
        1,
        2,
        2,
        null,
        null,
        1,
        1,
        null,
        null,
        1,
        1,
        null,
        null,
        1,
        1,
        1,
        1,
        null,
        null,
        1,
        3,
        3,
        2,
        null,
        1,
        null,
        3,
        3,
        3,
        null,
        null,
        1,
        4,
        4,
        3,
        null,
        1,
        null,
        4,
        4,
        4,
        null,
        null,
        1,
        8,
        8,
        null,
        null,
        1,
        2,
        2,
        null,
        null,
        1,
        87,
        null,
        null,
        1,
        15,
        14,
        14,
        14,
        14,
        14,
        null,
        14,
        null,
        null,
        1,
        2,
        2,
        5,
        null,
        null,
        1,
        11,
        11,
        11,
        null,
        null,
        1,
        6,
        6,
        6,
        null,
        null,
        1,
        5,
        5,
        5,
        5,
        5,
        null,
        null,
        1,
        1,
        1,
        null,
        null,
        null,
        1,
        1,
        null,
        null,
        1,
        3,
        null,
        null,
        1,
        4,
        null,
        null,
        1,
        68,
        null,
        null,
        null,
        1,
        1,
        null,
        null
      ],
      "/home/vagrant/src/viper/lib/buffer/non_writable.rb": [
        null,
        null,
        null,
        1,
        1,
        0,
        null,
        null,
        1,
        0,
        null,
        null,
        1,
        0,
        null,
        null
      ],
      "/home/vagrant/src/viper/lib/buffer/read_only_buffer.rb": [
        null,
        null,
        null,
        1,
        1,
        null
      ],
      "/home/vagrant/src/viper/lib/buffer/multi_line_buffer.rb": [
        null,
        null,
        null,
        1,
        1,
        19,
        19,
        null,
        null,
        1,
        62,
        null,
        null,
        1,
        14,
        null,
        null,
        1,
        3,
        null,
        null,
        1,
        24,
        null,
        null,
        1,
        1,
        null,
        null,
        1,
        3,
        null,
        null,
        1,
        1,
        null,
        null,
        1,
        5,
        null,
        null,
        1,
        5,
        null,
        null,
        1,
        3,
        2,
        2,
        null,
        null,
        1,
        1,
        1,
        1,
        null,
        null,
        1,
        8,
        null,
        null,
        1,
        1,
        null,
        null,
        1,
        1,
        null,
        null,
        1,
        2,
        null,
        null,
        1,
        1,
        null,
        null,
        1,
        1,
        null,
        null,
        1,
        9,
        null,
        null,
        1,
        2,
        2,
        null,
        null,
        1,
        6,
        6,
        null,
        null
      ],
      "/home/vagrant/src/viper/lib/buffer/scratch_buffer.rb": [
        null,
        null,
        null,
        1,
        1,
        null,
        1,
        17,
        37,
        17,
        null,
        null
      ],
      "/home/vagrant/src/viper/lib/ui.rb": [
        null,
        null,
        1,
        1,
        1,
        1
      ],
      "/home/vagrant/src/viper/lib/ui/say.rb": [
        null,
        null,
        1,
        22,
        null
      ],
      "/home/vagrant/src/viper/lib/ui/key_press.rb": [
        null,
        1,
        null,
        1,
        13,
        13,
        10,
        10,
        2,
        null,
        2,
        null,
        null,
        1,
        null,
        25,
        25,
        null,
        25,
        null,
        null,
        1,
        25,
        25,
        25,
        null,
        null,
        null,
        1,
        94,
        94,
        null,
        94,
        null
      ],
      "/home/vagrant/src/viper/lib/ui/display_help.rb": [
        null,
        null,
        1,
        1,
        null,
        null,
        null,
        null,
        null,
        null,
        null,
        null,
        null,
        null,
        null,
        null,
        null,
        null,
        null,
        null,
        null,
        null,
        null,
        null,
        null,
        null,
        null,
        null,
        null,
        null,
        null,
        null,
        null,
        null,
        null,
        null,
        null,
        null,
        null,
        null,
        null,
        null,
        null,
        null,
        null,
        null,
        null,
        null,
        null,
        null,
        null,
        null,
        null,
        null,
        null,
        null,
        null,
        null,
        null,
        null,
        null,
        null,
        null,
        null,
        null,
        null,
        null,
        null,
        null,
        null,
        null,
        null,
        null,
        null,
        null,
        null,
        null,
        null,
        null,
        null,
        null,
        null,
        null,
        null,
        null,
        null,
        null,
        null,
        null,
        null,
        null,
        null,
        null,
        null,
        null,
        null,
        null,
        null,
        null,
        null,
        null,
        null,
        null,
        null,
        null,
        null,
        null,
        null,
        null,
        null,
        null,
        null,
        null,
        null,
        null,
        null,
        1,
        1,
        null
      ],
      "/home/vagrant/src/viper/lib/ui/suppress_audio.rb": [
        null,
        1,
        2,
        2,
        2,
        null
      ],
      "/home/vagrant/src/viper/lib/mappings.rb": [
        null,
        null,
        1,
        1
      ],
      "/home/vagrant/src/viper/lib/mappings/key_mappings.rb": [
        null,
        1,
        null,
        null,
        null,
        null,
        null,
        null,
        null,
        null,
        null,
        null,
        null,
        null,
        null,
        null,
        null,
        null,
        null,
        null,
        null,
        null,
        null,
        null,
        null,
        null,
        null,
        null,
        null,
        null,
        null,
        null,
        null,
        null,
        null,
        null,
        null,
        null,
        null,
        null,
        null,
        null,
        null,
        null,
        null,
        null,
        null,
        null,
        null,
        null,
        null,
        null,
        null,
        null,
        null,
        null,
        null,
        null,
        null,
        null,
        null,
        null,
        null,
        null,
        null,
        null,
        null,
        null,
        null,
        null,
        null,
        null,
        null,
        null,
        null,
        null,
        null,
        null,
        null,
        null,
        null,
        null,
        null,
        null,
        null,
        null,
        null,
        null,
        null,
        null,
        null,
        null,
        null,
        null,
        null,
        null,
        null,
        97,
        null
      ],
      "/home/vagrant/src/viper/lib/mappings/map_key.rb": [
        null,
        1,
        94,
        94,
        90,
        90,
        90,
        null
      ],
      "/home/vagrant/src/viper/lib/bindings.rb": [
        null,
        null,
        1,
        1,
        1
      ],
      "/home/vagrant/src/viper/lib/bindings/insertter.rb": [
        null,
        null,
        1,
        56,
        null,
        null,
        1,
        1274,
        1283,
        1274,
        null
      ],
      "/home/vagrant/src/viper/lib/bindings/make_bindings.rb": [
        null,
        null,
        1,
        910,
        null,
        null,
        1,
        406,
        null,
        null,
        1,
        14,
        14,
        14,
        14,
        null,
        null,
        14,
        14,
        14,
        14,
        14,
        14,
        14,
        14,
        14,
        14,
        14,
        14,
        14,
        14,
        0,
        0,
        0,
        null,
        0,
        null,
        null,
        14,
        0,
        0,
        0,
        null,
        0,
        null,
        null,
        null,
        null,
        14,
        14,
        14,
        null,
        null,
        14,
        14,
        14,
        14,
        14,
        null,
        14,
        null,
        null,
        null,
        null,
        null,
        null,
        null,
        null,
        null,
        null,
        null,
        null,
        14,
        14,
        14,
        14,
        14,
        14,
        14,
        14,
        15,
        14,
        14,
        0,
        0,
        null,
        0,
        null,
        null,
        null,
        null,
        14,
        14,
        14,
        null,
        null,
        null,
        14,
        14,
        14,
        null,
        14,
        14,
        null,
        14,
        0,
        0,
        0,
        null,
        0,
        0,
        null,
        null,
        14,
        14,
        14,
        null,
        null,
        14,
        14,
        null,
        null,
        14,
        14,
        14,
        null
      ],
      "/home/vagrant/src/viper/lib/bindings/command_bindings.rb": [
        null,
        null,
        1,
        null,
        0,
        0,
        null,
        0,
        0,
        null,
        0,
        0,
        null,
        null,
        0,
        0,
        null,
        0,
        0,
        null,
        0,
        null,
        null,
        0,
        0,
        0,
        0,
        0,
        0,
        0,
        0,
        null,
        null,
        0,
        null,
        null,
        0,
        null,
        null,
        0,
        0,
        0,
        0,
        1,
        0,
        null,
        null,
        0,
        null,
        0,
        0,
        null,
        0,
        null,
        0,
        0,
        0,
        0,
        null,
        null,
        0,
        0,
        0,
        0,
        null,
        null,
        0,
        0,
        0,
        0,
        null,
        null,
        null,
        0,
        0,
        0,
        0,
        null,
        null,
        0,
        0,
        0,
        0,
        null,
        null,
        0,
        0,
        0,
        null,
        null,
        0,
        1,
        null
      ],
      "/home/vagrant/src/viper/lib/associations.rb": [
        null,
        null,
        1
      ],
      "/home/vagrant/src/viper/lib/associations/association.rb": [
        null,
        null,
        null,
        1,
        1,
        20,
        20,
        20,
        20,
        20,
        20,
        null,
        null,
        1,
        9,
        null,
        null,
        1,
        14,
        null,
        null,
        1,
        11,
        11,
        11,
        2,
        2,
        null,
        9,
        null,
        null,
        null,
        1,
        35,
        22,
        8,
        8,
        null,
        null,
        null,
        null,
        1,
        7,
        null,
        null,
        1,
        13,
        null,
        null,
        1,
        13,
        null,
        null,
        1,
        8,
        null,
        null,
        1,
        4,
        null,
        null,
        1,
        6,
        6,
        6,
        3,
        3,
        null,
        3,
        null,
        null,
        null,
        1,
        14,
        null,
        null,
        1,
        15,
        null,
        null,
        1,
        15,
        null,
        null,
        1,
        2,
        null,
        null,
        1,
        3,
        null,
        null,
        1,
        3,
        3,
        3,
        1,
        1,
        null,
        2,
        null,
        null,
        null,
        1,
        1,
        null,
        null,
        1,
        4,
        null,
        null,
        1,
        4,
        null,
        null,
        1,
        14,
        14,
        14,
        null,
        14,
        null,
        null
      ],
      "/home/vagrant/src/viper/lib/io.rb": [
        null,
        null,
        1,
        1
      ],
      "/home/vagrant/src/viper/lib/io/file_buffer.rb": [
        null,
        null,
        null,
        1,
        1,
        1,
        1,
        11,
        11,
        2,
        null,
        9,
        null,
        11,
        null,
        null,
        1,
        null,
        1,
        1,
        1,
        null,
        null,
        1,
        1,
        1,
        null,
        null,
        1,
        1,
        1,
        1,
        null,
        null,
        1,
        4,
        null,
        null
      ],
      "/home/vagrant/src/viper/lib/io/read_only_file_buffer.rb": [
        null,
        null,
        null,
        1,
        1,
        null,
        1,
        1,
        null,
        null
      ],
      "/home/vagrant/src/viper/lib/control.rb": [
        null,
        null,
        1
      ],
      "/home/vagrant/src/viper/lib/control/control.rb": [
        null,
        null,
        null,
        1,
        null,
        1,
        1,
        5,
        null,
        null,
        1,
        1,
        5,
        5,
        5,
        11,
        11,
        null,
        0,
        0,
        null,
        null,
        null,
        null,
        1,
        11,
        null,
        null,
        1,
        7,
        7,
        6,
        null,
        null,
        null
      ],
      "/home/vagrant/src/viper/lib/snippets.rb": [
        null,
        null,
        1,
        1,
        1,
        1,
        1,
        1,
        1
      ],
      "/home/vagrant/src/viper/lib/snippets/create_snippet.rb": [
        null,
        null,
        1,
        2,
        2,
        null
      ],
      "/home/vagrant/src/viper/lib/snippets/load_snippets.rb": [
        null,
        null,
        1,
        6,
        6,
        6,
        null
      ],
      "/home/vagrant/src/viper/lib/snippets/snippet_cascade.rb": [
        null,
        null,
        null,
        1,
        1,
        3,
        null,
        null,
        1,
        5,
        null,
        null,
        1,
        2,
        null,
        null
      ],
      "/home/vagrant/src/viper/lib/snippets/proceed_tab_pt.rb": [
        null,
        null,
        1,
        6,
        6,
        6,
        6,
        4,
        4,
        null,
        2,
        null,
        null,
        6,
        null
      ],
      "/home/vagrant/src/viper/lib/snippets/apply_snippet.rb": [
        null,
        null,
        1,
        4,
        4,
        4,
        4,
        null,
        4,
        4,
        null,
        null,
        4,
        null
      ],
      "/home/vagrant/src/viper/lib/snippets/dump_snippets.rb": [
        null,
        null,
        1,
        1,
        1,
        1,
        1,
        1,
        null
      ],
      "/home/vagrant/src/viper/lib/snippets/handle_tab.rb": [
        null,
        null,
        1,
        3,
        3,
        3,
        3,
        null,
        3,
        1,
        1,
        1,
        2,
        1,
        null,
        1,
        1,
        null,
        null
      ],
      "/home/vagrant/src/viper/lib/readline.rb": [
        null,
        null,
        1,
        1
      ],
      "/home/vagrant/src/viper/lib/readline/readline.rb": [
        null,
        null,
        null,
        null,
        null,
        1,
        null,
        1,
        1,
        6,
        6,
        null,
        null,
        1,
        null,
        1,
        5,
        5,
        11,
        11,
        11,
        7,
        6,
        6,
        null,
        1,
        null,
        1,
        1,
        null,
        null,
        null,
        5,
        5,
        2,
        2,
        null,
        5,
        null,
        null,
        null
      ],
      "/home/vagrant/src/viper/lib/readline/confirm.rb": [
        null,
        null,
        1,
        2,
        2,
        2,
        1,
        null
      ],
      "/home/vagrant/src/viper/lib/system.rb": [
        null,
        null,
        1,
        null,
        1
      ],
      "/home/vagrant/src/viper/lib/system/shell.rb": [
        null,
        null,
        null,
        1,
        0,
        0,
        0,
        0,
        0,
        0,
        0,
        null,
        0,
        0,
        null,
        null,
        0,
        null,
        null,
        1,
        0,
        0,
        0,
        null,
        null,
        0,
        0,
        null,
        null,
        null,
        1,
        0,
        null,
        null,
        0,
        0,
        null,
        null,
        0,
        null,
        null,
        1,
        0,
        null,
        0,
        0,
        null
      ],
      "/home/vagrant/src/viper/lib/system/check_ruby_syntax.rb": [
        null,
        null,
        1,
        0,
        0,
        null,
        null,
        0,
        0,
        null
      ],
      "/home/vagrant/src/viper/lib/repl.rb": [
        null,
        null,
        1,
        null,
        1,
        1
      ],
      "/home/vagrant/src/viper/lib/repl/exec_cmd.rb": [
        null,
        null,
        1,
        5,
        5,
        4,
        null
      ],
      "/home/vagrant/src/viper/lib/repl/parse_execute.rb": [
        null,
        null,
        null,
        1,
        2,
        2,
        2,
        null
      ],
      "/home/vagrant/src/viper/lib/repl/convert_cmd.rb": [
        null,
        null,
        null,
        1,
        1,
        1,
        null
      ],
      "/home/vagrant/src/viper/lib/tools.rb": [
        null,
        null,
        1,
        1,
        1,
        1,
        1,
        1,
        1,
        1
      ],
      "/home/vagrant/src/viper/lib/tools/lint_pass1.rb": [
        null,
        null,
        1,
        4,
        4,
        22,
        null,
        22,
        null,
        4,
        null
      ],
      "/home/vagrant/src/viper/lib/tools/compare_indent.rb": [
        null,
        null,
        null,
        1,
        1,
        9,
        null,
        null,
        1,
        17,
        null,
        null,
        1,
        null,
        null,
        null,
        1,
        30,
        null,
        null
      ],
      "/home/vagrant/src/viper/lib/tools/lint_pass2.rb": [
        null,
        null,
        1,
        25,
        25,
        null,
        null,
        null,
        1,
        5,
        5,
        5,
        5,
        30,
        null,
        25,
        25,
        25,
        null,
        5,
        null,
        null,
        30,
        null,
        5,
        null
      ],
      "/home/vagrant/src/viper/lib/tools/lint_pass3.rb": [
        null,
        null,
        1,
        52,
        52,
        52,
        null,
        null,
        1,
        5,
        5,
        5,
        26,
        26,
        26,
        null,
        5,
        null
      ],
      "/home/vagrant/src/viper/lib/tools/lint.rb": [
        null,
        null,
        1,
        2,
        2,
        2,
        null,
        null,
        2,
        2,
        1,
        1,
        null,
        null,
        null,
        2,
        2,
        1,
        1,
        null,
        null,
        2,
        1,
        null,
        2,
        1,
        1,
        1,
        1,
        1,
        1,
        null,
        null
      ],
      "/home/vagrant/src/viper/lib/tools/load_cov.rb": [
        null,
        null,
        1,
        5,
        null,
        null
      ],
      "/home/vagrant/src/viper/lib/tools/cov.rb": [
        null,
        null,
        1,
        null,
        null,
        1,
        1,
        1,
        null,
        null,
        null,
        null,
        1,
        3,
        null,
        2,
        148,
        2,
        null,
        1,
        1,
        123,
        null,
        null,
        null
      ],
      "/home/vagrant/src/viper/lib/tools/cov_report.rb": [
        null,
        null,
        null,
        1,
        2,
        null,
        2,
        null,
        null,
        null,
        null,
        null,
        null,
        null,
        1,
        2,
        2,
        null,
        2,
        2,
        146,
        null,
        478,
        null,
        2,
        2,
        2,
        148,
        2,
        2,
        null
      ],
      "/home/vagrant/src/viper/lib/viper/load_rc.rb": [
        null,
        null,
        1,
        0,
        0,
        0,
        0,
        0,
        0,
        0,
        null,
        null,
        null
      ]
    },
    "timestamp": 1454170913
  }
}
