{
  "RSpec": {
    "coverage": {
      "/home/vagrant/src/viper/lib/viper.rb": [
        null,
        null,
        null,
        1,
        1,
        1,
        null,
        null,
        1,
        1,
        1,
        1,
        null,
        null,
        1,
        1,
        1,
        1,
        1,
        1,
        1,
        1,
        1,
        1,
        1,
        1,
        1,
        1,
        1,
        1,
        null,
        1,
        null,
        1,
        1,
        null,
        null,
        1,
        1,
        1
      ],
      "/home/vagrant/src/viper/lib/utils.rb": [
        null,
        null,
        1,
        1
      ],
      "/home/vagrant/src/viper/lib/utils/path_shortener.rb": [
        null,
        null,
        1,
        298,
        298,
        298,
        298,
        null
      ],
      "/home/vagrant/src/viper/lib/utils/config_path.rb": [
        null,
        null,
        1,
        1,
        null
      ],
      "/home/vagrant/src/viper/lib/viper/version.rb": [
        null,
        null,
        1,
        1,
        null
      ],
      "/home/vagrant/src/viper/lib/session.rb": [
        null,
        null,
        1
      ],
      "/home/vagrant/src/viper/lib/session/session.rb": [
        null,
        1,
        1,
        1,
        null,
        1,
        2,
        null,
        null,
        1,
        158,
        null,
        null,
        1,
        50,
        null,
        null,
        null
      ],
      "/home/vagrant/src/viper/lib/viper/init.rb": [
        null,
        null,
        null,
        1,
        1,
        1,
        1,
        null,
        1,
        null,
        null,
        1,
        null
      ],
      "/home/vagrant/src/viper/lib/constants.rb": [
        null,
        null,
        1,
        1,
        1
      ],
      "/home/vagrant/src/viper/lib/exceptions.rb": [
        null,
        null,
        1,
        1,
        1,
        1,
        1,
        1,
        1,
        1,
        1,
        1,
        1
      ],
      "/home/vagrant/src/viper/lib/exceptions/operation_not_permitted.rb": [
        null,
        null,
        null,
        1,
        null
      ],
      "/home/vagrant/src/viper/lib/exceptions/buffer_exceeded.rb": [
        null,
        null,
        null,
        1,
        null
      ],
      "/home/vagrant/src/viper/lib/exceptions/mark_not_set.rb": [
        null,
        null,
        null,
        1,
        null
      ],
      "/home/vagrant/src/viper/lib/exceptions/binding_not_found.rb": [
        null,
        null,
        null,
        1,
        null
      ],
      "/home/vagrant/src/viper/lib/exceptions/command_not_found.rb": [
        null,
        null,
        null,
        1,
        1,
        1,
        null,
        null
      ],
      "/home/vagrant/src/viper/lib/exceptions/snippet_collection_not_found.rb": [
        null,
        null,
        null,
        1,
        null
      ],
      "/home/vagrant/src/viper/lib/exceptions/snippet_not_found.rb": [
        null,
        null,
        null,
        1,
        null
      ],
      "/home/vagrant/src/viper/lib/exceptions/non_restorable_exception.rb": [
        null,
        null,
        1,
        1,
        2,
        null,
        null
      ],
      "/home/vagrant/src/viper/lib/exceptions/command_syntax_error.rb": [
        null,
        null,
        1,
        1,
        2,
        null,
        null
      ],
      "/home/vagrant/src/viper/lib/exceptions/command_not_verified.rb": [
        null,
        null,
        1,
        1,
        1,
        null,
        null
      ],
      "/home/vagrant/src/viper/lib/exceptions/command_block_expected.rb": [
        null,
        null,
        1,
        1,
        1,
        null,
        null
      ],
      "/home/vagrant/src/viper/lib/buffer.rb": [
        null,
        null,
        1,
        null,
        1,
        1,
        1,
        1,
        1,
        1,
        1,
        null,
        1,
        null,
        1
      ],
      "/home/vagrant/src/viper/lib/buffer/command_buffer.rb": [
        null,
        null,
        null,
        1,
        1,
        46,
        46,
        46,
        null,
        null,
        1,
        476,
        null,
        null,
        1,
        19,
        19,
        19,
        null,
        null,
        1,
        7,
        7,
        7,
        null,
        null,
        1,
        1,
        null,
        null,
        1,
        7,
        null,
        null,
        1,
        7,
        null,
        null
      ],
      "/home/vagrant/src/viper/lib/buffer/recordable.rb": [
        null,
        null,
        null,
        1,
        1,
        490,
        null,
        null,
        1,
        468,
        468,
        null,
        null,
        1,
        809,
        null,
        null,
        1,
        14,
        null,
        null,
        14,
        null,
        null,
        1,
        10,
        10,
        10,
        10,
        9,
        null,
        9,
        null,
        null,
        null,
        null,
        1,
        4,
        4,
        4,
        null,
        4,
        null,
        null,
        null,
        1,
        4,
        4,
        null,
        null,
        1,
        4,
        4,
        null,
        null
      ],
      "/home/vagrant/src/viper/lib/buffer/savable.rb": [
        null,
        null,
        null,
        1,
        1,
        2,
        null,
        null
      ],
      "/home/vagrant/src/viper/lib/buffer/string_buffer.rb": [
        null,
        null,
        1,
        1,
        793,
        null,
        null,
        1,
        886,
        885,
        885,
        885,
        null,
        null,
        1,
        211,
        211,
        null,
        null,
        1,
        1391,
        null,
        null,
        1,
        213,
        212,
        212,
        212,
        null,
        null,
        1,
        34,
        null,
        null,
        1,
        921,
        null,
        null,
        null,
        null,
        null,
        null,
        null,
        null,
        1,
        8,
        8,
        46,
        8,
        null,
        null,
        1,
        81,
        81,
        null,
        null,
        1,
        91,
        91,
        null,
        null,
        1,
        132,
        76,
        9,
        null,
        null,
        1,
        79,
        null,
        null,
        1,
        374,
        null,
        null,
        1,
        50,
        null,
        null,
        1,
        50,
        null,
        null,
        1,
        45,
        45,
        23,
        null,
        22,
        null,
        45,
        null,
        null,
        1,
        25,
        null,
        null,
        1,
        9,
        9,
        2,
        null,
        null,
        1,
        8,
        null,
        8,
        8,
        null,
        null,
        1,
        523,
        null,
        null
      ],
      "/home/vagrant/src/viper/lib/buffer/buffer.rb": [
        null,
        null,
        null,
        1,
        1,
        328,
        328,
        328,
        328,
        328,
        328,
        null,
        null,
        1,
        1,
        null,
        1,
        22,
        null,
        null,
        1,
        5,
        null,
        null,
        1,
        19,
        null,
        null,
        1,
        31,
        null,
        null,
        1,
        26,
        null,
        null,
        1,
        51,
        51,
        51,
        null,
        null,
        1,
        10,
        null,
        null,
        null,
        1,
        null,
        null,
        null,
        1,
        null,
        null,
        1,
        508,
        508,
        508,
        null,
        null,
        1,
        16,
        15,
        15,
        15,
        15,
        null,
        null,
        1,
        583,
        1465,
        null,
        null,
        1,
        51,
        261,
        null,
        null,
        1,
        918,
        null,
        null,
        1,
        20,
        20,
        20,
        null,
        null,
        1,
        30,
        30,
        30,
        null,
        null,
        1,
        2,
        1,
        null,
        null,
        1,
        132,
        null,
        null,
        1,
        79,
        null,
        null,
        1,
        79,
        null,
        null,
        1,
        53,
        null,
        null,
        1,
        7,
        5,
        5,
        5,
        5,
        5,
        null,
        5,
        null,
        null,
        1,
        4,
        4,
        null,
        null,
        1,
        2,
        null,
        null,
        1,
        1,
        null,
        null,
        1,
        2,
        2,
        2,
        null,
        null,
        1,
        3,
        3,
        2,
        null,
        1,
        null,
        3,
        3,
        3,
        null,
        null,
        1,
        10,
        10,
        7,
        null,
        3,
        null,
        10,
        10,
        10,
        null,
        null,
        1,
        24,
        24,
        null,
        null,
        1,
        8,
        8,
        null,
        null,
        1,
        161,
        null,
        null,
        1,
        34,
        32,
        32,
        32,
        32,
        32,
        null,
        32,
        null,
        null,
        1,
        3,
        3,
        19,
        null,
        null,
        1,
        14,
        14,
        14,
        null,
        null,
        1,
        7,
        7,
        7,
        null,
        null,
        1,
        17,
        17,
        17,
        17,
        17,
        null,
        null,
        1,
        2,
        2,
        null,
        null,
        null,
        1,
        1,
        null,
        null,
        1,
        3,
        null,
        null,
        1,
        5,
        null,
        null,
        1,
        246,
        246,
        null,
        null,
        1,
        4,
        null,
        null,
        1,
        94,
        null,
        null,
        1,
        135,
        null,
        null,
        null,
        1,
        3,
        null,
        null,
        1,
        3,
        null,
        null,
        1,
        2,
        null,
        null
      ],
      "/home/vagrant/src/viper/lib/buffer/non_writable.rb": [
        null,
        null,
        null,
        1,
        1,
        3,
        null,
        null,
        1,
        1,
        null,
        null,
        1,
        3,
        null,
        null
      ],
      "/home/vagrant/src/viper/lib/buffer/non_recordable.rb": [
        null,
        null,
        null,
        1,
        1,
        2,
        null,
        null,
        1,
        2,
        null,
        null,
        1,
        null,
        null,
        null,
        1,
        null,
        null,
        null,
        1,
        null,
        null,
        null
      ],
      "/home/vagrant/src/viper/lib/buffer/read_only_buffer.rb": [
        null,
        null,
        null,
        1,
        1,
        1,
        null
      ],
      "/home/vagrant/src/viper/lib/buffer/multi_line_buffer.rb": [
        null,
        null,
        null,
        1,
        1,
        22,
        22,
        null,
        null,
        1,
        89,
        null,
        null,
        1,
        20,
        null,
        null,
        1,
        3,
        null,
        null,
        1,
        45,
        null,
        null,
        1,
        1,
        null,
        null,
        1,
        3,
        null,
        null,
        1,
        1,
        null,
        null,
        1,
        5,
        null,
        null,
        1,
        5,
        null,
        null,
        1,
        3,
        2,
        2,
        null,
        null,
        1,
        1,
        1,
        1,
        null,
        null,
        1,
        11,
        null,
        null,
        1,
        1,
        null,
        null,
        1,
        1,
        null,
        null,
        1,
        2,
        null,
        null,
        1,
        1,
        null,
        null,
        1,
        1,
        null,
        null,
        1,
        12,
        null,
        null,
        1,
        2,
        2,
        null,
        null,
        1,
        9,
        9,
        null,
        null
      ],
      "/home/vagrant/src/viper/lib/buffer/scratch_buffer.rb": [
        null,
        null,
        null,
        1,
        1,
        null,
        1,
        37,
        76,
        37,
        null,
        null
      ],
      "/home/vagrant/src/viper/lib/ui.rb": [
        null,
        null,
        1,
        1,
        1,
        1,
        1
      ],
      "/home/vagrant/src/viper/lib/ui/say.rb": [
        null,
        null,
        1,
        180,
        null
      ],
      "/home/vagrant/src/viper/lib/ui/key_press.rb": [
        null,
        1,
        null,
        1,
        16,
        16,
        10,
        10,
        2,
        null,
        2,
        null,
        null,
        1,
        null,
        31,
        31,
        null,
        31,
        null,
        null,
        1,
        31,
        31,
        31,
        null,
        null,
        null,
        1,
        145,
        145,
        null,
        145,
        null
      ],
      "/home/vagrant/src/viper/lib/ui/display_help.rb": [
        null,
        null,
        1,
        2,
        null,
        null,
        null,
        null,
        null,
        null,
        null,
        null,
        null,
        null,
        null,
        null,
        null,
        null,
        null,
        null,
        null,
        null,
        null,
        null,
        null,
        null,
        null,
        null,
        null,
        null,
        null,
        null,
        null,
        null,
        null,
        null,
        null,
        null,
        null,
        null,
        null,
        null,
        null,
        null,
        null,
        null,
        null,
        null,
        null,
        null,
        null,
        null,
        null,
        null,
        null,
        null,
        null,
        null,
        null,
        null,
        null,
        null,
        null,
        null,
        null,
        null,
        null,
        null,
        null,
        null,
        null,
        null,
        null,
        null,
        null,
        null,
        null,
        null,
        null,
        null,
        null,
        null,
        null,
        null,
        null,
        null,
        null,
        null,
        null,
        null,
        null,
        null,
        null,
        null,
        null,
        null,
        null,
        null,
        null,
        null,
        null,
        null,
        null,
        null,
        null,
        null,
        null,
        null,
        null,
        null,
        null,
        null,
        null,
        null,
        null,
        null,
        null,
        null,
        null,
        null,
        null,
        null,
        null,
        null,
        null,
        null,
        null,
        2,
        2,
        null
      ],
      "/home/vagrant/src/viper/lib/ui/suppress_audio.rb": [
        null,
        1,
        2,
        2,
        2,
        null
      ],
      "/home/vagrant/src/viper/lib/ui/help_keys.rb": [
        null,
        null,
        1,
        2,
        2,
        2,
        2,
        3,
        3,
        2,
        2,
        2,
        null,
        1,
        1,
        1,
        null,
        null,
        null,
        2,
        null
      ],
      "/home/vagrant/src/viper/lib/mappings.rb": [
        null,
        null,
        1,
        1
      ],
      "/home/vagrant/src/viper/lib/mappings/key_mappings.rb": [
        null,
        1,
        null,
        null,
        null,
        null,
        null,
        null,
        null,
        null,
        null,
        null,
        null,
        null,
        null,
        null,
        null,
        null,
        null,
        null,
        null,
        null,
        null,
        null,
        null,
        null,
        null,
        null,
        null,
        null,
        null,
        null,
        null,
        null,
        null,
        null,
        null,
        null,
        null,
        null,
        null,
        null,
        null,
        null,
        null,
        null,
        null,
        null,
        null,
        null,
        null,
        null,
        null,
        null,
        null,
        null,
        null,
        null,
        null,
        null,
        null,
        null,
        null,
        null,
        null,
        null,
        null,
        null,
        null,
        null,
        null,
        null,
        null,
        null,
        null,
        null,
        null,
        null,
        null,
        null,
        null,
        null,
        null,
        null,
        null,
        null,
        null,
        null,
        null,
        null,
        null,
        null,
        null,
        null,
        null,
        null,
        null,
        148,
        null
      ],
      "/home/vagrant/src/viper/lib/mappings/map_key.rb": [
        null,
        1,
        145,
        143,
        133,
        133,
        130,
        null
      ],
      "/home/vagrant/src/viper/lib/bindings.rb": [
        null,
        null,
        1,
        1,
        1,
        1
      ],
      "/home/vagrant/src/viper/lib/bindings/insertter.rb": [
        null,
        null,
        1,
        108,
        null,
        null,
        1,
        2767,
        2810,
        2767,
        null
      ],
      "/home/vagrant/src/viper/lib/bindings/make_bindings.rb": [
        null,
        null,
        1,
        2080,
        null,
        null,
        1,
        783,
        null,
        null,
        1,
        27,
        27,
        27,
        27,
        null,
        null,
        27,
        27,
        27,
        27,
        27,
        27,
        27,
        28,
        27,
        27,
        27,
        27,
        27,
        27,
        2,
        1,
        1,
        null,
        1,
        null,
        null,
        27,
        2,
        1,
        1,
        null,
        1,
        null,
        null,
        null,
        null,
        27,
        27,
        27,
        null,
        null,
        27,
        27,
        27,
        27,
        27,
        null,
        27,
        null,
        null,
        null,
        null,
        null,
        null,
        null,
        null,
        null,
        null,
        null,
        null,
        27,
        27,
        27,
        27,
        27,
        27,
        27,
        27,
        28,
        28,
        27,
        2,
        1,
        null,
        1,
        null,
        null,
        null,
        null,
        27,
        27,
        27,
        null,
        null,
        null,
        27,
        27,
        27,
        null,
        27,
        27,
        null,
        27,
        2,
        1,
        1,
        null,
        1,
        1,
        null,
        null,
        27,
        27,
        27,
        null,
        null,
        27,
        27,
        null,
        null,
        27,
        27,
        27,
        null
      ],
      "/home/vagrant/src/viper/lib/bindings/command_bindings.rb": [
        null,
        null,
        1,
        null,
        null,
        null,
        2,
        1,
        null,
        1,
        1,
        null,
        null,
        1,
        null,
        2,
        1,
        null,
        2,
        1,
        null,
        1,
        1,
        null,
        null,
        1,
        1,
        null,
        2,
        1,
        1,
        null,
        1,
        null,
        null,
        1,
        1,
        1,
        1,
        1,
        1,
        1,
        1,
        null,
        null,
        1,
        null,
        null,
        1,
        1,
        null,
        null,
        1,
        1,
        1,
        1,
        13,
        1,
        null,
        null,
        1,
        1,
        1,
        1,
        1,
        1,
        null,
        3,
        null,
        1,
        11,
        null,
        3,
        null,
        2,
        2,
        2,
        2,
        null,
        null,
        1,
        1,
        1,
        1,
        null,
        null,
        1,
        1,
        1,
        1,
        null,
        null,
        null,
        6,
        6,
        6,
        6,
        null,
        null,
        1,
        1,
        1,
        1,
        null,
        null,
        3,
        1,
        1,
        null,
        null,
        1,
        null,
        3,
        17,
        null
      ],
      "/home/vagrant/src/viper/lib/bindings/help_bindings.rb": [
        null,
        null,
        1,
        455,
        null,
        null,
        1,
        null,
        null,
        null,
        null,
        null,
        288,
        null,
        null,
        1,
        189,
        7,
        7,
        7,
        7,
        7,
        7,
        7,
        7,
        7,
        7,
        7,
        7,
        7,
        7,
        7,
        7,
        7,
        7,
        7,
        7,
        7,
        null,
        null,
        1,
        21,
        7,
        7,
        7,
        null,
        null,
        1,
        70,
        49,
        7,
        7,
        7,
        7,
        7,
        7,
        null,
        null,
        1,
        null,
        null,
        null,
        null,
        null,
        null,
        null,
        7,
        null,
        null,
        1,
        null,
        null,
        null,
        null,
        null,
        null,
        null,
        7,
        null,
        null,
        1,
        49,
        7,
        null
      ],
      "/home/vagrant/src/viper/lib/associations.rb": [
        null,
        null,
        1
      ],
      "/home/vagrant/src/viper/lib/associations/association.rb": [
        null,
        null,
        null,
        1,
        1,
        20,
        20,
        20,
        20,
        20,
        20,
        null,
        null,
        1,
        9,
        null,
        null,
        1,
        15,
        null,
        null,
        1,
        12,
        12,
        12,
        2,
        2,
        null,
        10,
        null,
        null,
        null,
        1,
        41,
        26,
        9,
        9,
        null,
        null,
        null,
        null,
        1,
        8,
        null,
        null,
        1,
        15,
        null,
        null,
        1,
        15,
        null,
        null,
        1,
        9,
        null,
        null,
        1,
        4,
        null,
        null,
        1,
        7,
        7,
        7,
        4,
        4,
        null,
        3,
        null,
        null,
        null,
        1,
        17,
        null,
        null,
        1,
        18,
        null,
        null,
        1,
        18,
        null,
        null,
        1,
        2,
        null,
        null,
        1,
        4,
        null,
        null,
        1,
        4,
        4,
        4,
        1,
        1,
        null,
        3,
        null,
        null,
        null,
        1,
        1,
        null,
        null,
        1,
        5,
        null,
        null,
        1,
        5,
        null,
        null,
        1,
        17,
        17,
        17,
        null,
        17,
        null,
        null
      ],
      "/home/vagrant/src/viper/lib/io.rb": [
        null,
        null,
        1,
        null,
        1,
        1
      ],
      "/home/vagrant/src/viper/lib/io/log.rb": [
        null,
        null,
        1,
        null,
        null,
        null
      ],
      "/home/vagrant/src/viper/lib/io/file_buffer.rb": [
        null,
        null,
        null,
        1,
        1,
        1,
        1,
        20,
        20,
        7,
        null,
        13,
        null,
        20,
        null,
        null,
        1,
        null,
        1,
        1,
        1,
        null,
        null,
        1,
        1,
        1,
        null,
        null,
        1,
        1,
        1,
        1,
        null,
        null,
        1,
        7,
        null,
        null
      ],
      "/home/vagrant/src/viper/lib/io/read_only_file_buffer.rb": [
        null,
        null,
        null,
        1,
        1,
        null,
        1,
        1,
        null,
        null
      ],
      "/home/vagrant/src/viper/lib/control.rb": [
        null,
        null,
        1
      ],
      "/home/vagrant/src/viper/lib/control/control.rb": [
        null,
        null,
        null,
        1,
        null,
        1,
        1,
        16,
        null,
        null,
        1,
        1,
        16,
        16,
        16,
        58,
        58,
        null,
        1,
        1,
        null,
        null,
        null,
        null,
        1,
        57,
        null,
        null,
        1,
        44,
        44,
        43,
        null,
        null,
        null
      ],
      "/home/vagrant/src/viper/lib/snippets.rb": [
        null,
        null,
        1,
        1,
        1,
        1,
        1,
        1,
        1,
        1
      ],
      "/home/vagrant/src/viper/lib/snippets/create_snippet.rb": [
        null,
        null,
        1,
        4,
        4,
        null
      ],
      "/home/vagrant/src/viper/lib/snippets/load_snippets.rb": [
        null,
        null,
        1,
        12,
        12,
        12,
        null
      ],
      "/home/vagrant/src/viper/lib/snippets/snippet_cascade.rb": [
        null,
        null,
        null,
        1,
        1,
        3,
        null,
        null,
        1,
        5,
        null,
        null,
        1,
        2,
        null,
        null
      ],
      "/home/vagrant/src/viper/lib/snippets/proceed_tab_pt.rb": [
        null,
        null,
        1,
        8,
        8,
        8,
        8,
        5,
        5,
        null,
        3,
        null,
        null,
        8,
        null
      ],
      "/home/vagrant/src/viper/lib/snippets/apply_snippet.rb": [
        null,
        null,
        1,
        5,
        5,
        5,
        5,
        null,
        5,
        5,
        null,
        null,
        5,
        null
      ],
      "/home/vagrant/src/viper/lib/snippets/dump_snippets.rb": [
        null,
        null,
        1,
        2,
        2,
        2,
        2,
        2,
        null
      ],
      "/home/vagrant/src/viper/lib/snippets/handle_tab.rb": [
        null,
        null,
        1,
        4,
        4,
        4,
        4,
        null,
        4,
        1,
        1,
        1,
        3,
        1,
        null,
        2,
        2,
        null,
        null
      ],
      "/home/vagrant/src/viper/lib/snippets/edit_snippet.rb": [
        null,
        null,
        1,
        3,
        3,
        2,
        2,
        null,
        1,
        1,
        null
      ],
      "/home/vagrant/src/viper/lib/readline.rb": [
        null,
        null,
        1,
        1
      ],
      "/home/vagrant/src/viper/lib/readline/readline.rb": [
        null,
        null,
        null,
        1,
        null,
        1,
        1,
        9,
        9,
        null,
        null,
        1,
        null,
        1,
        8,
        8,
        35,
        35,
        33,
        28,
        27,
        27,
        null,
        1,
        null,
        3,
        3,
        null,
        null,
        null,
        8,
        8,
        5,
        5,
        null,
        8,
        null,
        null,
        null
      ],
      "/home/vagrant/src/viper/lib/readline/confirm.rb": [
        null,
        null,
        1,
        2,
        2,
        2,
        1,
        null
      ],
      "/home/vagrant/src/viper/lib/chords.rb": [
        null,
        null,
        1,
        null,
        1
      ],
      "/home/vagrant/src/viper/lib/chords/chord_bindings.rb": [
        null,
        null,
        1,
        null,
        1,
        1,
        1,
        1,
        1,
        5,
        null
      ],
      "/home/vagrant/src/viper/lib/chords/play_chord.rb": [
        null,
        null,
        1,
        null,
        null,
        5,
        null,
        null,
        1,
        5,
        5,
        5,
        5,
        5,
        5,
        null
      ],
      "/home/vagrant/src/viper/lib/find_and_replace.rb": [
        null,
        null,
        1,
        1,
        1,
        1,
        1,
        1
      ],
      "/home/vagrant/src/viper/lib/find_and_replace/punctuations.rb": [
        null,
        null,
        1,
        5,
        null
      ],
      "/home/vagrant/src/viper/lib/find_and_replace/find.rb": [
        null,
        null,
        1,
        13,
        13,
        13,
        13,
        13,
        13,
        13,
        null,
        null,
        1,
        6,
        6,
        6,
        6,
        6,
        6,
        null,
        null,
        null,
        1,
        2,
        2,
        null
      ],
      "/home/vagrant/src/viper/lib/find_and_replace/search_line_buffer.rb": [
        null,
        null,
        null,
        1,
        1,
        5,
        5,
        5,
        null,
        null,
        null,
        1,
        5,
        19,
        19,
        19,
        14,
        14,
        null,
        1,
        null,
        null,
        null,
        5,
        null,
        null
      ],
      "/home/vagrant/src/viper/lib/find_and_replace/search_bindings.rb": [
        null,
        null,
        1,
        5,
        5,
        5,
        5,
        null,
        null,
        5,
        null,
        null,
        5,
        75,
        null,
        null,
        null,
        5,
        20,
        null,
        null,
        null,
        5,
        160,
        null,
        5,
        null
      ],
      "/home/vagrant/src/viper/lib/find_and_replace/ifind.rb": [
        null,
        null,
        1,
        2,
        2,
        2,
        null,
        null,
        1,
        2,
        2,
        2,
        null
      ],
      "/home/vagrant/src/viper/lib/find_and_replace/replace.rb": [
        null,
        null,
        1,
        3,
        3,
        3,
        2,
        2,
        2,
        12,
        2,
        2,
        2,
        2,
        null,
        1,
        1,
        null,
        null
      ],
      "/home/vagrant/src/viper/lib/system.rb": [
        null,
        null,
        1,
        null,
        1
      ],
      "/home/vagrant/src/viper/lib/system/shell.rb": [
        null,
        null,
        null,
        1,
        4,
        4,
        4,
        4,
        4,
        4,
        4,
        null,
        4,
        4,
        null,
        null,
        4,
        null,
        null,
        1,
        1,
        1,
        1,
        null,
        null,
        1,
        1,
        null,
        null,
        null,
        1,
        1,
        null,
        null,
        1,
        1,
        null,
        null,
        1,
        null,
        null,
        1,
        1,
        null,
        1,
        1,
        null
      ],
      "/home/vagrant/src/viper/lib/system/check_ruby_syntax.rb": [
        null,
        null,
        1,
        1,
        1,
        null,
        null,
        1,
        1,
        null
      ],
      "/home/vagrant/src/viper/lib/repl.rb": [
        null,
        null,
        1,
        1,
        1,
        1,
        1,
        1,
        1,
        1,
        1
      ],
      "/home/vagrant/src/viper/lib/repl/exec_cmd.rb": [
        null,
        null,
        1,
        68,
        68,
        67,
        null
      ],
      "/home/vagrant/src/viper/lib/repl/parse_execute.rb": [
        null,
        null,
        null,
        1,
        67,
        67,
        2,
        1,
        null,
        null,
        null,
        1,
        64,
        64,
        62,
        null,
        null,
        null,
        1,
        63,
        63,
        null,
        null,
        null,
        1,
        63,
        63,
        null
      ],
      "/home/vagrant/src/viper/lib/repl/convert_cmd.rb": [
        null,
        null,
        null,
        1,
        1,
        1,
        null
      ],
      "/home/vagrant/src/viper/lib/repl/save_alias.rb": [
        null,
        null,
        1,
        14,
        14,
        14,
        14,
        14,
        null,
        null,
        1,
        4,
        4,
        4,
        null,
        null,
        1,
        2,
        2,
        null
      ],
      "/home/vagrant/src/viper/lib/repl/parser.rb": [
        null,
        null,
        1,
        239,
        239,
        239,
        239,
        null,
        null,
        1,
        40,
        null,
        null,
        1,
        46,
        null,
        null,
        null,
        null,
        null,
        null,
        1,
        39,
        null,
        null,
        1,
        39,
        null,
        null,
        1,
        6,
        null,
        null,
        1,
        71,
        null,
        null,
        1,
        2,
        null,
        null,
        null,
        null,
        1,
        37,
        null,
        null,
        1,
        85,
        85,
        null,
        null,
        1,
        1,
        null,
        null,
        1,
        3,
        null,
        3,
        1,
        null,
        null,
        null,
        null,
        1,
        9,
        15,
        8,
        8,
        null,
        null,
        1,
        6,
        12,
        null,
        5,
        5,
        null,
        null,
        1,
        7,
        null,
        null,
        1,
        71,
        null,
        null,
        1,
        6,
        11,
        6,
        6,
        null,
        null,
        1,
        39,
        39,
        127,
        39,
        39,
        null,
        null,
        null,
        null,
        1,
        35,
        35,
        null,
        113,
        35,
        35,
        null,
        null,
        null,
        null,
        1,
        17,
        17,
        17,
        17,
        17,
        17,
        null,
        null,
        1,
        18,
        18,
        36,
        18,
        18,
        null,
        18,
        null
      ],
      "/home/vagrant/src/viper/lib/repl/dealias.rb": [
        null,
        null,
        1,
        19,
        19,
        16,
        16,
        11,
        null,
        5,
        5,
        5,
        5,
        5,
        5,
        null,
        null,
        null,
        1,
        11,
        29,
        11,
        11,
        null
      ],
      "/home/vagrant/src/viper/lib/repl/command_verified.rb": [
        null,
        null,
        1,
        10,
        null
      ],
      "/home/vagrant/src/viper/lib/repl/iterate_commands.rb": [
        null,
        null,
        1,
        5,
        4,
        4,
        3,
        3,
        null,
        null,
        4,
        null
      ],
      "/home/vagrant/src/viper/lib/repl/repl.rb": [
        null,
        null,
        1,
        3,
        3,
        3,
        2,
        null,
        null,
        1,
        3,
        3,
        null
      ],
      "/home/vagrant/src/viper/lib/tools.rb": [
        null,
        null,
        1,
        1,
        1,
        1,
        1,
        1,
        1,
        1
      ],
      "/home/vagrant/src/viper/lib/tools/lint_pass1.rb": [
        null,
        null,
        1,
        5,
        5,
        36,
        null,
        36,
        null,
        5,
        null
      ],
      "/home/vagrant/src/viper/lib/tools/compare_indent.rb": [
        null,
        null,
        null,
        1,
        1,
        10,
        null,
        null,
        1,
        18,
        null,
        null,
        1,
        null,
        null,
        null,
        1,
        42,
        null,
        null
      ],
      "/home/vagrant/src/viper/lib/tools/lint_pass2.rb": [
        null,
        null,
        1,
        37,
        37,
        null,
        null,
        null,
        1,
        6,
        6,
        6,
        6,
        44,
        null,
        37,
        37,
        37,
        null,
        7,
        null,
        null,
        44,
        null,
        6,
        null
      ],
      "/home/vagrant/src/viper/lib/tools/lint_pass3.rb": [
        null,
        null,
        1,
        80,
        80,
        80,
        null,
        null,
        1,
        6,
        6,
        6,
        40,
        40,
        40,
        null,
        6,
        null
      ],
      "/home/vagrant/src/viper/lib/tools/lint.rb": [
        null,
        null,
        1,
        3,
        3,
        3,
        null,
        null,
        3,
        3,
        1,
        1,
        null,
        null,
        null,
        3,
        3,
        1,
        1,
        null,
        null,
        3,
        2,
        null,
        2,
        1,
        1,
        1,
        1,
        1,
        1,
        null,
        null
      ],
      "/home/vagrant/src/viper/lib/tools/load_cov.rb": [
        null,
        null,
        1,
        8,
        null
      ],
      "/home/vagrant/src/viper/lib/tools/cov.rb": [
        null,
        null,
        null,
        1,
        null,
        null,
        null,
        1,
        1,
        1,
        null,
        null,
        null,
        1,
        4,
        null,
        3,
        300,
        3,
        null,
        2,
        2,
        163,
        null,
        null
      ],
      "/home/vagrant/src/viper/lib/tools/cov_report.rb": [
        null,
        null,
        null,
        1,
        3,
        null,
        3,
        null,
        null,
        null,
        null,
        null,
        null,
        null,
        1,
        3,
        3,
        null,
        3,
        3,
        297,
        null,
        939,
        null,
        3,
        3,
        3,
        300,
        3,
        3,
        null
      ],
      "/home/vagrant/src/viper/lib/viper/load_rc.rb": [
        null,
        null,
        1,
        2,
        2,
        2,
        1,
        1,
        1,
        1,
        null,
        null,
        null
      ]
    },
    "timestamp": 1456433530
  }
}
